<?xml version="1.0" encoding="UTF-8"?>
<!-- Generated by org.testng.reporters.JUnitXMLReporter -->
<testsuite hostname="DESKTOP-0QVDKC7" name="Test" tests="4" failures="0" timestamp="6 Apr 2021 16:35:22 GMT" time="38.769" errors="0">
  <testcase name="validateAppNavBar" time="6.723" classname="academy.ValidateNavigationBar"/>
  <testcase name="basePageNavigation" time="9.082" classname="academy.HomePage"/>
  <testcase name="basePageNavigation" time="4.843" classname="academy.HomePage"/>
  <testcase name="validateAppTitle" time="5.834" classname="academy.ValidateTitle"/>
</testsuite> <!-- Test -->
