<?xml version="1.0" encoding="UTF-8"?>
<!-- Generated by org.testng.reporters.JUnitXMLReporter -->
<testsuite hostname="DESKTOP-0QVDKC7" name="Test" tests="4" failures="0" timestamp="7 Apr 2021 11:47:26 GMT" time="35.202" errors="0">
  <testcase name="validateAppNavBar" time="9.638" classname="academy.ValidateNavigationBar"/>
  <testcase name="basePageNavigation" time="8.927" classname="academy.HomePage"/>
  <testcase name="basePageNavigation" time="4.114" classname="academy.HomePage"/>
  <testcase name="validateAppTitle" time="5.252" classname="academy.ValidateTitle"/>
</testsuite> <!-- Test -->
