<?xml version="1.0" encoding="UTF-8"?>
<testsuite xmlns:xsi="http://www.w3.org/2001/XMLSchema-instance" xsi:noNamespaceSchemaLocation="https://maven.apache.org/surefire/maven-surefire-plugin/xsd/surefire-test-report.xsd" name="TestSuite" time="68.951" tests="4" errors="0" skipped="0" failures="0">
  <properties>
[...]
</properties>
  <testcase name="basePageNavigation" classname="academy.HomePage" time="14.795"/>
  <testcase name="basePageNavigation" classname="academy.HomePage" time="14.308"/>
  <testcase name="validateAppNavBar" classname="academy.ValidateNavigationBar" time="5.919"/>
  <testcase name="validateAppTitle" classname="academy.ValidateTitle" time="23.708"/>
</testsuite>